# JRE version: OpenJDK Runtime Environment (11.0.13) (build 11.0.13+0-b1751.21-8125866)
# Java VM: OpenJDK 64-Bit Server VM (11.0.13+0-b1751.21-8125866, mixed mode, tiered, compressed oops, g1 gc, windows-amd64)
Heap:
 garbage-first heap   total 415744K, used 301594K [0x0000000080000000, 0x0000000100000000)
  region size 1024K, 15 young (15360K), 3 survivors (3072K)
 Metaspace       used 146362K, capacity 150281K, committed 150556K, reserved 1181696K
  class space    used 17802K, capacity 19281K, committed 19328K, reserved 1048576K
GC Heap History (20 events):
Event: 693.397 GC heap before
{Heap before GC invocations=178 (full 0):
 garbage-first heap   total 346112K, used 305334K [0x0000000080000000, 0x0000000100000000)
  region size 1024K, 28 young (28672K), 2 survivors (2048K)
 Metaspace       used 146294K, capacity 150199K, committed 150300K, reserved 1179648K
  class space    used 17795K, capacity 19277K, committed 19328K, reserved 1048576K
}
Event: 693.410 GC heap after
{Heap after GC invocations=179 (full 0):
 garbage-first heap   total 346112K, used 280554K [0x0000000080000000, 0x0000000100000000)
  region size 1024K, 3 young (3072K), 3 survivors (3072K)
 Metaspace       used 146294K, capacity 150199K, committed 150300K, reserved 1179648K
  class space    used 17795K, capacity 19277K, committed 19328K, reserved 1048576K
}
Event: 693.913 GC heap before
{Heap before GC invocations=179 (full 0):
 garbage-first heap   total 346112K, used 305130K [0x0000000080000000, 0x0000000100000000)
  region size 1024K, 28 young (28672K), 3 survivors (3072K)
 Metaspace       used 146299K, capacity 150200K, committed 150300K, reserved 1179648K
  class space    used 17795K, capacity 19277K, committed 19328K, reserved 1048576K
}
Event: 693.926 GC heap after
{Heap after GC invocations=180 (full 0):
 garbage-first heap   total 346112K, used 280542K [0x0000000080000000, 0x0000000100000000)
  region size 1024K, 2 young (2048K), 2 survivors (2048K)
 Metaspace       used 146299K, capacity 150200K, committed 150300K, reserved 1179648K
  class space    used 17795K, capacity 19277K, committed 19328K, reserved 1048576K
}
Event: 694.203 GC heap before
{Heap before GC invocations=180 (full 0):
 garbage-first heap   total 346112K, used 306142K [0x0000000080000000, 0x0000000100000000)
  region size 1024K, 27 young (27648K), 2 survivors (2048K)
 Metaspace       used 146299K, capacity 150200K, committed 150300K, reserved 1179648K
  class space    used 17795K, capacity 19277K, committed 19328K, reserved 1048576K
}
Event: 694.215 GC heap after
{Heap after GC invocations=181 (full 0):
 garbage-first heap   total 346112K, used 280980K [0x0000000080000000, 0x0000000100000000)
  region size 1024K, 3 young (3072K), 3 survivors (3072K)
 Metaspace       used 146299K, capacity 150200K, committed 150300K, reserved 1179648K
  class space    used 17795K, capacity 19277K, committed 19328K, reserved 1048576K
}
Event: 694.847 GC heap before
{Heap before GC invocations=181 (full 0):
 garbage-first heap   total 346112K, used 304532K [0x0000000080000000, 0x0000000100000000)
  region size 1024K, 27 young (27648K), 3 survivors (3072K)
 Metaspace       used 146315K, capacity 150207K, committed 150300K, reserved 1179648K
  class space    used 17798K, capacity 19279K, committed 19328K, reserved 1048576K
}
Event: 694.856 GC heap after
{Heap after GC invocations=182 (full 0):
 garbage-first heap   total 346112K, used 280067K [0x0000000080000000, 0x0000000100000000)
  region size 1024K, 2 young (2048K), 2 survivors (2048K)
 Metaspace       used 146315K, capacity 150207K, committed 150300K, reserved 1179648K
  class space    used 17798K, capacity 19279K, committed 19328K, reserved 1048576K
}
Event: 695.344 GC heap before
{Heap before GC invocations=182 (full 0):
 garbage-first heap   total 346112K, used 304643K [0x0000000080000000, 0x0000000100000000)
  region size 1024K, 27 young (27648K), 2 survivors (2048K)
 Metaspace       used 146328K, capacity 150212K, committed 150300K, reserved 1179648K
  class space    used 17798K, capacity 19280K, committed 19328K, reserved 1048576K
}
Event: 695.353 GC heap after
{Heap after GC invocations=183 (full 0):
 garbage-first heap   total 346112K, used 280685K [0x0000000080000000, 0x0000000100000000)
  region size 1024K, 2 young (2048K), 2 survivors (2048K)
 Metaspace       used 146328K, capacity 150212K, committed 150300K, reserved 1179648K
  class space    used 17798K, capacity 19280K, committed 19328K, reserved 1048576K
}
Event: 696.838 GC heap before
{Heap before GC invocations=183 (full 0):
 garbage-first heap   total 346112K, used 305261K [0x0000000080000000, 0x0000000100000000)
  region size 1024K, 27 young (27648K), 2 survivors (2048K)
 Metaspace       used 146349K, capacity 150279K, committed 150556K, reserved 1181696K
  class space    used 17802K, capacity 19281K, committed 19328K, reserved 1048576K
}
Event: 696.855 GC heap after
{Heap after GC invocations=184 (full 0):
 garbage-first heap   total 346112K, used 283171K [0x0000000080000000, 0x0000000100000000)
  region size 1024K, 4 young (4096K), 4 survivors (4096K)
 Metaspace       used 146349K, capacity 150279K, committed 150556K, reserved 1181696K
  class space    used 17802K, capacity 19281K, committed 19328K, reserved 1048576K
}
Event: 697.398 GC heap before
{Heap before GC invocations=184 (full 0):
 garbage-first heap   total 346112K, used 305699K [0x0000000080000000, 0x0000000100000000)
  region size 1024K, 26 young (26624K), 4 survivors (4096K)
 Metaspace       used 146353K, capacity 150281K, committed 150556K, reserved 1181696K
  class space    used 17802K, capacity 19281K, committed 19328K, reserved 1048576K
}
Event: 697.424 GC heap after
{Heap after GC invocations=185 (full 0):
 garbage-first heap   total 346112K, used 285442K [0x0000000080000000, 0x0000000100000000)
  region size 1024K, 3 young (3072K), 3 survivors (3072K)
 Metaspace       used 146353K, capacity 150281K, committed 150556K, reserved 1181696K
  class space    used 17802K, capacity 19281K, committed 19328K, reserved 1048576K
}
Event: 697.860 GC heap before
{Heap before GC invocations=185 (full 0):
 garbage-first heap   total 346112K, used 304898K [0x0000000080000000, 0x0000000100000000)
  region size 1024K, 22 young (22528K), 3 survivors (3072K)
 Metaspace       used 146359K, capacity 150281K, committed 150556K, reserved 1181696K
  class space    used 17802K, capacity 19281K, committed 19328K, reserved 1048576K
}
Event: 697.882 GC heap after
{Heap after GC invocations=186 (full 0):
 garbage-first heap   total 346112K, used 287358K [0x0000000080000000, 0x0000000100000000)
  region size 1024K, 2 young (2048K), 2 survivors (2048K)
 Metaspace       used 146359K, capacity 150281K, committed 150556K, reserved 1181696K
  class space    used 17802K, capacity 19281K, committed 19328K, reserved 1048576K
}
Event: 698.219 GC heap before
{Heap before GC invocations=186 (full 0):
 garbage-first heap   total 346112K, used 305790K [0x0000000080000000, 0x0000000100000000)
  region size 1024K, 20 young (20480K), 2 survivors (2048K)
 Metaspace       used 146359K, capacity 150281K, committed 150556K, reserved 1181696K
  class space    used 17802K, capacity 19281K, committed 19328K, reserved 1048576K
}
Event: 698.239 GC heap after
{Heap after GC invocations=187 (full 0):
 garbage-first heap   total 346112K, used 289202K [0x0000000080000000, 0x0000000100000000)
  region size 1024K, 2 young (2048K), 2 survivors (2048K)
 Metaspace       used 146359K, capacity 150281K, committed 150556K, reserved 1181696K
  class space    used 17802K, capacity 19281K, committed 19328K, reserved 1048576K
}
Event: 698.695 GC heap before
{Heap before GC invocations=187 (full 0):
 garbage-first heap   total 346112K, used 305586K [0x0000000080000000, 0x0000000100000000)
  region size 1024K, 18 young (18432K), 2 survivors (2048K)
 Metaspace       used 146360K, capacity 150281K, committed 150556K, reserved 1181696K
  class space    used 17802K, capacity 19281K, committed 19328K, reserved 1048576K
}
Event: 698.728 GC heap after
{Heap after GC invocations=188 (full 0):
 garbage-first heap   total 415744K, used 291354K [0x0000000080000000, 0x0000000100000000)
  region size 1024K, 3 young (3072K), 3 survivors (3072K)
 Metaspace       used 146360K, capacity 150281K, committed 150556K, reserved 1181696K
  class space    used 17802K, capacity 19281K, committed 19328K, reserved 1048576K
}

