# JRE version: Java(TM) SE Runtime Environment (18.0.2+9) (build 18.0.2+9-61)
# Java VM: Java HotSpot(TM) 64-Bit Server VM (18.0.2+9-61, mixed mode, sharing, tiered, compressed oops, compressed class ptrs, g1 gc, windows-amd64)
GC Precious Log:
 CardTable entry size: 512
 Card Set container configuration: InlinePtr #cards 5 size 8 Array Of Cards #cards 12 size 40 Howl #buckets 4 coarsen threshold 1843 Howl Bitmap #cards 512 size 80 coarsen threshold 460 Card regions per heap region 1 cards per card region 2048
 CPUs: 4 total, 4 available
 Memory: 7094M
 Large Page Support: Disabled
 NUMA Support: Disabled
 Compressed Oops: Enabled (32-bit)
 Heap Region Size: 1M
 Heap Min Capacity: 8M
 Heap Initial Capacity: 112M
 Heap Max Capacity: 2G
 Pre-touch: Disabled
 Parallel Workers: 4
 Concurrent Workers: 1
 Concurrent Refinement Workers: 4
 Periodic GC: Disabled
Heap:
 garbage-first heap   total 160768K, used 124592K [0x0000000080000000, 0x0000000100000000)
  region size 1024K, 36 young (36864K), 6 survivors (6144K)
 Metaspace       used 56954K, committed 58560K, reserved 1114112K
  class space    used 7705K, committed 8576K, reserved 1048576K
GC Heap History (20 events):
Event: 63.687 GC heap before
{Heap before GC invocations=12 (full 0):
 garbage-first heap   total 114688K, used 54932K [0x0000000080000000, 0x0000000100000000)
  region size 1024K, 4 young (4096K), 3 survivors (3072K)
 Metaspace       used 36582K, committed 37888K, reserved 1114112K
  class space    used 5102K, committed 5760K, reserved 1048576K
}
Event: 63.698 GC heap after
{Heap after GC invocations=13 (full 0):
 garbage-first heap   total 114688K, used 55618K [0x0000000080000000, 0x0000000100000000)
  region size 1024K, 4 young (4096K), 4 survivors (4096K)
 Metaspace       used 36582K, committed 37888K, reserved 1114112K
  class space    used 5102K, committed 5760K, reserved 1048576K
}
Event: 65.527 GC heap before
{Heap before GC invocations=14 (full 0):
 garbage-first heap   total 114688K, used 77122K [0x0000000080000000, 0x0000000100000000)
  region size 1024K, 21 young (21504K), 4 survivors (4096K)
 Metaspace       used 37762K, committed 39040K, reserved 1114112K
  class space    used 5242K, committed 5888K, reserved 1048576K
}
Event: 65.557 GC heap after
{Heap after GC invocations=15 (full 0):
 garbage-first heap   total 114688K, used 63696K [0x0000000080000000, 0x0000000100000000)
  region size 1024K, 4 young (4096K), 4 survivors (4096K)
 Metaspace       used 37762K, committed 39040K, reserved 1114112K
  class space    used 5242K, committed 5888K, reserved 1048576K
}
Event: 67.230 GC heap before
{Heap before GC invocations=16 (full 0):
 garbage-first heap   total 114688K, used 86224K [0x0000000080000000, 0x0000000100000000)
  region size 1024K, 26 young (26624K), 4 survivors (4096K)
 Metaspace       used 39809K, committed 41216K, reserved 1114112K
  class space    used 5452K, committed 6144K, reserved 1048576K
}
Event: 67.249 GC heap after
{Heap after GC invocations=17 (full 0):
 garbage-first heap   total 114688K, used 65628K [0x0000000080000000, 0x0000000100000000)
  region size 1024K, 3 young (3072K), 3 survivors (3072K)
 Metaspace       used 39809K, committed 41216K, reserved 1114112K
  class space    used 5452K, committed 6144K, reserved 1048576K
}
Event: 67.575 GC heap before
{Heap before GC invocations=17 (full 0):
 garbage-first heap   total 114688K, used 70748K [0x0000000080000000, 0x0000000100000000)
  region size 1024K, 9 young (9216K), 3 survivors (3072K)
 Metaspace       used 40361K, committed 41792K, reserved 1114112K
  class space    used 5557K, committed 6272K, reserved 1048576K
}
Event: 67.589 GC heap after
{Heap after GC invocations=18 (full 0):
 garbage-first heap   total 114688K, used 66022K [0x0000000080000000, 0x0000000100000000)
  region size 1024K, 1 young (1024K), 1 survivors (1024K)
 Metaspace       used 40361K, committed 41792K, reserved 1114112K
  class space    used 5557K, committed 6272K, reserved 1048576K
}
Event: 69.532 GC heap before
{Heap before GC invocations=19 (full 0):
 garbage-first heap   total 126976K, used 94694K [0x0000000080000000, 0x0000000100000000)
  region size 1024K, 24 young (24576K), 1 survivors (1024K)
 Metaspace       used 42963K, committed 44480K, reserved 1114112K
  class space    used 5979K, committed 6784K, reserved 1048576K
}
Event: 69.545 GC heap after
{Heap after GC invocations=20 (full 0):
 garbage-first heap   total 126976K, used 73213K [0x0000000080000000, 0x0000000100000000)
  region size 1024K, 3 young (3072K), 3 survivors (3072K)
 Metaspace       used 42963K, committed 44480K, reserved 1114112K
  class space    used 5979K, committed 6784K, reserved 1048576K
}
Event: 72.378 GC heap before
{Heap before GC invocations=20 (full 0):
 garbage-first heap   total 126976K, used 98813K [0x0000000080000000, 0x0000000100000000)
  region size 1024K, 29 young (29696K), 3 survivors (3072K)
 Metaspace       used 44000K, committed 45504K, reserved 1114112K
  class space    used 6066K, committed 6848K, reserved 1048576K
}
Event: 72.398 GC heap after
{Heap after GC invocations=21 (full 0):
 garbage-first heap   total 126976K, used 75686K [0x0000000080000000, 0x0000000100000000)
  region size 1024K, 3 young (3072K), 3 survivors (3072K)
 Metaspace       used 44000K, committed 45504K, reserved 1114112K
  class space    used 6066K, committed 6848K, reserved 1048576K
}
Event: 75.255 GC heap before
{Heap before GC invocations=22 (full 0):
 garbage-first heap   total 133120K, used 100262K [0x0000000080000000, 0x0000000100000000)
  region size 1024K, 28 young (28672K), 3 survivors (3072K)
 Metaspace       used 46776K, committed 48320K, reserved 1114112K
  class space    used 6527K, committed 7296K, reserved 1048576K
}
Event: 75.275 GC heap after
{Heap after GC invocations=23 (full 0):
 garbage-first heap   total 133120K, used 77583K [0x0000000080000000, 0x0000000100000000)
  region size 1024K, 2 young (2048K), 2 survivors (2048K)
 Metaspace       used 46776K, committed 48320K, reserved 1114112K
  class space    used 6527K, committed 7296K, reserved 1048576K
}
Event: 77.723 GC heap before
{Heap before GC invocations=23 (full 0):
 garbage-first heap   total 133120K, used 99087K [0x0000000080000000, 0x0000000100000000)
  region size 1024K, 25 young (25600K), 2 survivors (2048K)
 Metaspace       used 48853K, committed 50304K, reserved 1114112K
  class space    used 6744K, committed 7488K, reserved 1048576K
}
Event: 77.741 GC heap after
{Heap after GC invocations=24 (full 0):
 garbage-first heap   total 159744K, used 78739K [0x0000000080000000, 0x0000000100000000)
  region size 1024K, 3 young (3072K), 3 survivors (3072K)
 Metaspace       used 48853K, committed 50304K, reserved 1114112K
  class space    used 6744K, committed 7488K, reserved 1048576K
}
Event: 78.270 GC heap before
{Heap before GC invocations=25 (full 0):
 garbage-first heap   total 159744K, used 85907K [0x0000000080000000, 0x0000000100000000)
  region size 1024K, 8 young (8192K), 3 survivors (3072K)
 Metaspace       used 48977K, committed 50560K, reserved 1114112K
  class space    used 6759K, committed 7552K, reserved 1048576K
}
Event: 78.291 GC heap after
{Heap after GC invocations=26 (full 0):
 garbage-first heap   total 159744K, used 84992K [0x0000000080000000, 0x0000000100000000)
  region size 1024K, 6 young (6144K), 6 survivors (6144K)
 Metaspace       used 48977K, committed 50560K, reserved 1114112K
  class space    used 6759K, committed 7552K, reserved 1048576K
}
Event: 80.294 GC heap before
{Heap before GC invocations=27 (full 0):
 garbage-first heap   total 159744K, used 113664K [0x0000000080000000, 0x0000000100000000)
  region size 1024K, 31 young (31744K), 6 survivors (6144K)
 Metaspace       used 52226K, committed 53888K, reserved 1114112K
  class space    used 7177K, committed 8000K, reserved 1048576K
}
Event: 80.317 GC heap after
{Heap after GC invocations=28 (full 0):
 garbage-first heap   total 159744K, used 91824K [0x0000000080000000, 0x0000000100000000)
  region size 1024K, 6 young (6144K), 6 survivors (6144K)
 Metaspace       used 52226K, committed 53888K, reserved 1114112K
  class space    used 7177K, committed 8000K, reserved 1048576K
}

