# JRE version: Java(TM) SE Runtime Environment (18.0.2+9) (build 18.0.2+9-61)
# Java VM: Java HotSpot(TM) 64-Bit Server VM (18.0.2+9-61, mixed mode, sharing, tiered, compressed oops, compressed class ptrs, g1 gc, windows-amd64)
GC Precious Log:
 CardTable entry size: 512
 Card Set container configuration: InlinePtr #cards 5 size 8 Array Of Cards #cards 12 size 40 Howl #buckets 4 coarsen threshold 1843 Howl Bitmap #cards 512 size 80 coarsen threshold 460 Card regions per heap region 1 cards per card region 2048
 CPUs: 4 total, 4 available
 Memory: 7094M
 Large Page Support: Disabled
 NUMA Support: Disabled
 Compressed Oops: Enabled (32-bit)
 Heap Region Size: 1M
 Heap Min Capacity: 8M
 Heap Initial Capacity: 112M
 Heap Max Capacity: 2G
 Pre-touch: Disabled
 Parallel Workers: 4
 Concurrent Workers: 1
 Concurrent Refinement Workers: 4
 Periodic GC: Disabled
Heap:
 garbage-first heap   total 114688K, used 25218K [0x0000000080000000, 0x0000000100000000)
  region size 1024K, 16 young (16384K), 9 survivors (9216K)
 Metaspace       used 17020K, committed 17536K, reserved 1114112K
  class space    used 2445K, committed 2688K, reserved 1048576K
GC Heap History (8 events):
Event: 4.767 GC heap before
{Heap before GC invocations=0 (full 0):
 garbage-first heap   total 114688K, used 15360K [0x0000000080000000, 0x0000000100000000)
  region size 1024K, 13 young (13312K), 0 survivors (0K)
 Metaspace       used 911K, committed 1088K, reserved 1114112K
  class space    used 68K, committed 128K, reserved 1048576K
}
Event: 4.791 GC heap after
{Heap after GC invocations=1 (full 0):
 garbage-first heap   total 114688K, used 4144K [0x0000000080000000, 0x0000000100000000)
  region size 1024K, 2 young (2048K), 2 survivors (2048K)
 Metaspace       used 911K, committed 1088K, reserved 1114112K
  class space    used 68K, committed 128K, reserved 1048576K
}
Event: 13.242 GC heap before
{Heap before GC invocations=1 (full 0):
 garbage-first heap   total 114688K, used 21552K [0x0000000080000000, 0x0000000100000000)
  region size 1024K, 16 young (16384K), 2 survivors (2048K)
 Metaspace       used 3846K, committed 4032K, reserved 1114112K
  class space    used 472K, committed 576K, reserved 1048576K
}
Event: 13.256 GC heap after
{Heap after GC invocations=2 (full 0):
 garbage-first heap   total 114688K, used 9361K [0x0000000080000000, 0x0000000100000000)
  region size 1024K, 2 young (2048K), 2 survivors (2048K)
 Metaspace       used 3846K, committed 4032K, reserved 1114112K
  class space    used 472K, committed 576K, reserved 1048576K
}
Event: 23.024 GC heap before
{Heap before GC invocations=2 (full 0):
 garbage-first heap   total 114688K, used 28817K [0x0000000080000000, 0x0000000100000000)
  region size 1024K, 21 young (21504K), 2 survivors (2048K)
 Metaspace       used 3949K, committed 4160K, reserved 1114112K
  class space    used 473K, committed 576K, reserved 1048576K
}
Event: 23.037 GC heap after
{Heap after GC invocations=3 (full 0):
 garbage-first heap   total 114688K, used 11665K [0x0000000080000000, 0x0000000100000000)
  region size 1024K, 3 young (3072K), 3 survivors (3072K)
 Metaspace       used 3949K, committed 4160K, reserved 1114112K
  class space    used 473K, committed 576K, reserved 1048576K
}
Event: 40.202 GC heap before
{Heap before GC invocations=3 (full 0):
 garbage-first heap   total 114688K, used 76177K [0x0000000080000000, 0x0000000100000000)
  region size 1024K, 67 young (68608K), 3 survivors (3072K)
 Metaspace       used 16104K, committed 16640K, reserved 1114112K
  class space    used 2291K, committed 2560K, reserved 1048576K
}
Event: 40.237 GC heap after
{Heap after GC invocations=4 (full 0):
 garbage-first heap   total 114688K, used 19074K [0x0000000080000000, 0x0000000100000000)
  region size 1024K, 9 young (9216K), 9 survivors (9216K)
 Metaspace       used 16104K, committed 16640K, reserved 1114112K
  class space    used 2291K, committed 2560K, reserved 1048576K
}

