# JRE version: Java(TM) SE Runtime Environment (18.0.2+9) (build 18.0.2+9-61)
# Java VM: Java HotSpot(TM) 64-Bit Server VM (18.0.2+9-61, mixed mode, sharing, tiered, compressed oops, compressed class ptrs, g1 gc, windows-amd64)
GC Precious Log:
 CardTable entry size: 512
 Card Set container configuration: InlinePtr #cards 5 size 8 Array Of Cards #cards 12 size 40 Howl #buckets 4 coarsen threshold 1843 Howl Bitmap #cards 512 size 80 coarsen threshold 460 Card regions per heap region 1 cards per card region 2048
 CPUs: 4 total, 4 available
 Memory: 7094M
 Large Page Support: Disabled
 NUMA Support: Disabled
 Compressed Oops: Enabled (32-bit)
 Heap Region Size: 1M
 Heap Min Capacity: 8M
 Heap Initial Capacity: 112M
 Heap Max Capacity: 2G
 Pre-touch: Disabled
 Parallel Workers: 4
 Concurrent Workers: 1
 Concurrent Refinement Workers: 4
 Periodic GC: Disabled
Heap:
 garbage-first heap   total 346112K, used 260941K [0x0000000080000000, 0x0000000100000000)
  region size 1024K, 136 young (139264K), 12 survivors (12288K)
 Metaspace       used 102522K, committed 104384K, reserved 1179648K
  class space    used 13672K, committed 14656K, reserved 1048576K
GC Heap History (20 events):
Event: 83.005 GC heap before
{Heap before GC invocations=35 (full 0):
 garbage-first heap   total 144384K, used 78423K [0x0000000080000000, 0x0000000100000000)
  region size 1024K, 7 young (7168K), 6 survivors (6144K)
 Metaspace       used 76015K, committed 77760K, reserved 1179648K
  class space    used 10312K, committed 11200K, reserved 1048576K
}
Event: 83.050 GC heap after
{Heap after GC invocations=36 (full 0):
 garbage-first heap   total 144384K, used 78061K [0x0000000080000000, 0x0000000100000000)
  region size 1024K, 1 young (1024K), 1 survivors (1024K)
 Metaspace       used 76015K, committed 77760K, reserved 1179648K
  class space    used 10312K, committed 11200K, reserved 1048576K
}
Event: 88.476 GC heap before
{Heap before GC invocations=36 (full 0):
 garbage-first heap   total 144384K, used 114925K [0x0000000080000000, 0x0000000100000000)
  region size 1024K, 38 young (38912K), 1 survivors (1024K)
 Metaspace       used 79699K, committed 81536K, reserved 1179648K
  class space    used 10801K, committed 11776K, reserved 1048576K
}
Event: 88.506 GC heap after
{Heap after GC invocations=37 (full 0):
 garbage-first heap   total 144384K, used 82944K [0x0000000080000000, 0x0000000100000000)
  region size 1024K, 5 young (5120K), 5 survivors (5120K)
 Metaspace       used 79699K, committed 81536K, reserved 1179648K
  class space    used 10801K, committed 11776K, reserved 1048576K
}
Event: 92.637 GC heap before
{Heap before GC invocations=38 (full 0):
 garbage-first heap   total 145408K, used 115712K [0x0000000080000000, 0x0000000100000000)
  region size 1024K, 38 young (38912K), 5 survivors (5120K)
 Metaspace       used 79952K, committed 81728K, reserved 1179648K
  class space    used 10807K, committed 11776K, reserved 1048576K
}
Event: 92.680 GC heap after
{Heap after GC invocations=39 (full 0):
 garbage-first heap   total 145408K, used 85749K [0x0000000080000000, 0x0000000100000000)
  region size 1024K, 3 young (3072K), 3 survivors (3072K)
 Metaspace       used 79952K, committed 81728K, reserved 1179648K
  class space    used 10807K, committed 11776K, reserved 1048576K
}
Event: 93.004 GC heap before
{Heap before GC invocations=39 (full 0):
 garbage-first heap   total 145408K, used 88821K [0x0000000080000000, 0x0000000100000000)
  region size 1024K, 7 young (7168K), 3 survivors (3072K)
 Metaspace       used 79981K, committed 81792K, reserved 1179648K
  class space    used 10808K, committed 11776K, reserved 1048576K
}
Event: 93.024 GC heap after
{Heap after GC invocations=40 (full 0):
 garbage-first heap   total 145408K, used 85815K [0x0000000080000000, 0x0000000100000000)
  region size 1024K, 1 young (1024K), 1 survivors (1024K)
 Metaspace       used 79981K, committed 81792K, reserved 1179648K
  class space    used 10808K, committed 11776K, reserved 1048576K
}
Event: 98.441 GC heap before
{Heap before GC invocations=40 (full 0):
 garbage-first heap   total 145408K, used 118583K [0x0000000080000000, 0x0000000100000000)
  region size 1024K, 32 young (32768K), 1 survivors (1024K)
 Metaspace       used 81334K, committed 83200K, reserved 1179648K
  class space    used 10990K, committed 11968K, reserved 1048576K
}
Event: 98.494 GC heap after
{Heap after GC invocations=41 (full 0):
 garbage-first heap   total 145408K, used 100352K [0x0000000080000000, 0x0000000100000000)
  region size 1024K, 4 young (4096K), 4 survivors (4096K)
 Metaspace       used 81334K, committed 83200K, reserved 1179648K
  class space    used 10990K, committed 11968K, reserved 1048576K
}
Event: 104.344 GC heap before
{Heap before GC invocations=42 (full 0):
 garbage-first heap   total 173056K, used 115712K [0x0000000080000000, 0x0000000100000000)
  region size 1024K, 19 young (19456K), 4 survivors (4096K)
 Metaspace       used 81760K, committed 83584K, reserved 1179648K
  class space    used 11027K, committed 11968K, reserved 1048576K
}
Event: 104.380 GC heap after
{Heap after GC invocations=43 (full 0):
 garbage-first heap   total 173056K, used 104081K [0x0000000080000000, 0x0000000100000000)
  region size 1024K, 3 young (3072K), 3 survivors (3072K)
 Metaspace       used 81760K, committed 83584K, reserved 1179648K
  class space    used 11027K, committed 11968K, reserved 1048576K
}
Event: 105.175 GC heap before
{Heap before GC invocations=43 (full 0):
 garbage-first heap   total 173056K, used 109201K [0x0000000080000000, 0x0000000100000000)
  region size 1024K, 8 young (8192K), 3 survivors (3072K)
 Metaspace       used 81767K, committed 83584K, reserved 1179648K
  class space    used 11027K, committed 11968K, reserved 1048576K
}
Event: 105.222 GC heap after
{Heap after GC invocations=44 (full 0):
 garbage-first heap   total 173056K, used 108804K [0x0000000080000000, 0x0000000100000000)
  region size 1024K, 1 young (1024K), 1 survivors (1024K)
 Metaspace       used 81767K, committed 83584K, reserved 1179648K
  class space    used 11027K, committed 11968K, reserved 1048576K
}
Event: 109.232 GC heap before
{Heap before GC invocations=44 (full 0):
 garbage-first heap   total 173056K, used 149764K [0x0000000080000000, 0x0000000100000000)
  region size 1024K, 25 young (25600K), 1 survivors (1024K)
 Metaspace       used 83965K, committed 85760K, reserved 1179648K
  class space    used 11262K, committed 12224K, reserved 1048576K
}
Event: 109.258 GC heap after
{Heap after GC invocations=45 (full 0):
 garbage-first heap   total 346112K, used 110328K [0x0000000080000000, 0x0000000100000000)
  region size 1024K, 3 young (3072K), 3 survivors (3072K)
 Metaspace       used 83965K, committed 85760K, reserved 1179648K
  class space    used 11262K, committed 12224K, reserved 1048576K
}
Event: 125.921 GC heap before
{Heap before GC invocations=45 (full 0):
 garbage-first heap   total 346112K, used 250616K [0x0000000080000000, 0x0000000100000000)
  region size 1024K, 141 young (144384K), 3 survivors (3072K)
 Metaspace       used 94883K, committed 96640K, reserved 1179648K
  class space    used 12665K, committed 13568K, reserved 1048576K
}
Event: 126.042 GC heap after
{Heap after GC invocations=46 (full 0):
 garbage-first heap   total 346112K, used 125405K [0x0000000080000000, 0x0000000100000000)
  region size 1024K, 18 young (18432K), 18 survivors (18432K)
 Metaspace       used 94883K, committed 96640K, reserved 1179648K
  class space    used 12665K, committed 13568K, reserved 1048576K
}
Event: 134.567 GC heap before
{Heap before GC invocations=46 (full 0):
 garbage-first heap   total 346112K, used 256477K [0x0000000080000000, 0x0000000100000000)
  region size 1024K, 147 young (150528K), 18 survivors (18432K)
 Metaspace       used 100731K, committed 102592K, reserved 1179648K
  class space    used 13484K, committed 14464K, reserved 1048576K
}
Event: 134.685 GC heap after
{Heap after GC invocations=47 (full 0):
 garbage-first heap   total 346112K, used 134989K [0x0000000080000000, 0x0000000100000000)
  region size 1024K, 12 young (12288K), 12 survivors (12288K)
 Metaspace       used 100731K, committed 102592K, reserved 1179648K
  class space    used 13484K, committed 14464K, reserved 1048576K
}

